
> ankhoptics-temp@0.1.0 dev
> next dev

▲ Next.js 16.1.6 (Turbopack)
- Local:         http://localhost:3000
- Network:       http://172.19.48.1:3000
- Environments: .env

✓ Starting...
✓ Ready in 4.5s
 GET / 200 in 4.7s (compile: 1623ms, render: 3.1s)
⚠ Cross origin request detected from steady-writings-medicare-mariah.trycloudflare.com to /_next/* resource. In a future major version of Next.js, you will need to explicitly configure "allowedDevOrigins" in next.config to allow this.
Read more: https://nextjs.org/docs/app/api-reference/config/next-config-js/allowedDevOrigins
 GET / 200 in 205ms (compile: 6ms, render: 199ms)
 GET /favicon.ico%3Ffavicon.0b3bf435.ico 404 in 233ms (compile: 128ms, render: 105ms)
 GET /api/settings/store 200 in 770ms (compile: 513ms, render: 257ms)
 GET /api/store/colors-modalities 200 in 801ms (compile: 385ms, render: 416ms)
 GET /api/store/brands 200 in 855ms (compile: 317ms, render: 538ms)
 GET /api/store/products?limit=8 200 in 881ms (compile: 253ms, render: 627ms)
 GET /api/store/colors-modalities 200 in 23ms (compile: 8ms, render: 15ms)
 GET /api/settings/store 200 in 25ms (compile: 10ms, render: 15ms)
 GET /api/store/brands 200 in 19ms (compile: 5ms, render: 14ms)
 GET /api/settings/store 200 in 58ms (compile: 3ms, render: 55ms)
 GET /api/store/brands 200 in 21ms (compile: 3ms, render: 17ms)
 GET /api/settings/store 200 in 17ms (compile: 4ms, render: 13ms)
 GET /api/auth/session 200 in 2.3s (compile: 2.2s, render: 47ms)
 GET /api/settings/store 200 in 9ms (compile: 3ms, render: 6ms)
 GET /api/settings/store 200 in 23ms (compile: 7ms, render: 16ms)
 GET / 200 in 265ms (compile: 4ms, render: 262ms)
 GET /api/store/colors-modalities 200 in 46ms (compile: 22ms, render: 24ms)
 GET /api/settings/store 200 in 54ms (compile: 9ms, render: 45ms)
 GET /api/store/brands 200 in 79ms (compile: 30ms, render: 49ms)
 GET /api/store/products?limit=8 200 in 90ms (compile: 15ms, render: 75ms)
 GET /api/auth/session 200 in 36ms (compile: 15ms, render: 21ms)
 GET /api/store/colors-modalities 200 in 12ms (compile: 3ms, render: 8ms)
 GET /api/settings/store 200 in 13ms (compile: 4ms, render: 9ms)
 GET /api/store/brands 200 in 13ms (compile: 5ms, render: 8ms)
 GET /api/settings/store 200 in 20ms (compile: 8ms, render: 13ms)
 GET /api/store/brands 200 in 22ms (compile: 5ms, render: 17ms)
 GET /api/settings/store 200 in 24ms (compile: 8ms, render: 16ms)
 GET /api/settings/store 200 in 143ms (compile: 51ms, render: 92ms)
 GET /api/settings/store 200 in 14ms (compile: 4ms, render: 10ms)
 GET / 200 in 298ms (compile: 6ms, render: 292ms)
 GET /api/store/brands 200 in 45ms (compile: 3ms, render: 42ms)
 GET /api/store/colors-modalities 200 in 37ms (compile: 12ms, render: 25ms)
 GET /api/settings/store 200 in 60ms (compile: 8ms, render: 52ms)
 GET /api/auth/session 200 in 36ms (compile: 18ms, render: 18ms)
 GET /api/store/products?limit=8 200 in 71ms (compile: 17ms, render: 54ms)
 GET /api/store/brands 200 in 12ms (compile: 3ms, render: 9ms)
 GET /api/store/colors-modalities 200 in 10ms (compile: 3ms, render: 8ms)
 GET /api/settings/store 200 in 12ms (compile: 4ms, render: 8ms)
 GET /api/store/brands 200 in 22ms (compile: 5ms, render: 17ms)
 GET /api/settings/store 200 in 13ms (compile: 3ms, render: 10ms)
 GET /api/settings/store 200 in 13ms (compile: 4ms, render: 9ms)
 GET /api/settings/store 200 in 19ms (compile: 6ms, render: 13ms)
 GET /api/settings/store 200 in 12ms (compile: 3ms, render: 8ms)
 GET / 200 in 249ms (compile: 4ms, render: 244ms)
 GET /api/settings/store 200 in 74ms (compile: 7ms, render: 66ms)
 GET /api/store/colors-modalities 200 in 80ms (compile: 39ms, render: 40ms)
 GET /api/store/products?limit=8 200 in 101ms (compile: 29ms, render: 71ms)
 GET /api/store/brands 200 in 105ms (compile: 18ms, render: 88ms)
 GET /api/auth/session 200 in 43ms (compile: 23ms, render: 21ms)
 GET /api/settings/store 200 in 12ms (compile: 4ms, render: 7ms)
 GET /api/store/brands 200 in 15ms (compile: 3ms, render: 12ms)
 GET /api/store/colors-modalities 200 in 12ms (compile: 4ms, render: 8ms)
 GET /api/settings/store 200 in 10ms (compile: 3ms, render: 7ms)
 GET /api/store/brands 200 in 19ms (compile: 4ms, render: 15ms)
 GET /api/settings/store 200 in 12ms (compile: 4ms, render: 9ms)
 GET /api/settings/store 200 in 10ms (compile: 3ms, render: 8ms)
 GET /api/settings/store 200 in 16ms (compile: 3ms, render: 13ms)
✓ Finished filesystem cache database compaction in 30.6s
 GET / 200 in 225ms (compile: 4ms, render: 220ms)
 GET /api/settings/store 200 in 11ms (compile: 3ms, render: 8ms)
 GET /api/store/colors-modalities 200 in 17ms (compile: 8ms, render: 9ms)
 GET /api/store/brands 200 in 28ms (compile: 3ms, render: 26ms)
 GET /api/store/products?limit=8 200 in 38ms (compile: 3ms, render: 36ms)
 GET /api/auth/session 200 in 29ms (compile: 15ms, render: 14ms)
 GET /api/settings/store 200 in 10ms (compile: 4ms, render: 6ms)
 GET /api/store/colors-modalities 200 in 12ms (compile: 3ms, render: 9ms)
 GET /api/store/brands 200 in 12ms (compile: 3ms, render: 9ms)
 GET /api/settings/store 200 in 8ms (compile: 3ms, render: 5ms)
 GET /api/store/brands 200 in 11ms (compile: 3ms, render: 8ms)
 GET /api/settings/store 200 in 10ms (compile: 3ms, render: 7ms)
 GET /api/settings/store 200 in 14ms (compile: 3ms, render: 11ms)
 GET /api/settings/store 200 in 10ms (compile: 3ms, render: 7ms)
 GET / 200 in 89ms (compile: 13ms, render: 77ms)
 GET /products/amber-gold-gold-series-magic-eye 200 in 1319ms (compile: 1278ms, render: 41ms)
 GET /api/store/products/amber-gold-gold-series-magic-eye 200 in 1036ms (compile: 1006ms, render: 30ms)
 GET /api/store/products/amber-gold-gold-series-magic-eye 200 in 23ms (compile: 11ms, render: 12ms)
 GET /api/store/products?limit=8 200 in 20ms (compile: 3ms, render: 17ms)
 GET /api/settings/store 200 in 13ms (compile: 6ms, render: 7ms)
 GET /api/settings/store 200 in 11ms (compile: 4ms, render: 8ms)
 GET /api/store/products?limit=8 200 in 23ms (compile: 3ms, render: 20ms)
 GET /shop?category=gorgeous-collection 200 in 82ms (compile: 51ms, render: 30ms)
 GET /shop?category=gorgeous-collection 200 in 25ms (compile: 3ms, render: 21ms)
 GET /api/store/colors-modalities 200 in 21ms (compile: 10ms, render: 11ms)
 GET /api/store/brands 200 in 27ms (compile: 5ms, render: 23ms)
 GET /api/store/products?category=gorgeous-collection&page=1&limit=12 200 in 33ms (compile: 4ms, render: 29ms)
 GET /api/store/colors-modalities 200 in 12ms (compile: 7ms, render: 5ms)
 GET /api/store/brands 200 in 14ms (compile: 3ms, render: 11ms)
 GET /api/store/products?category=gorgeous-collection&page=1&limit=12 200 in 14ms (compile: 3ms, render: 11ms)
 GET /shop?tag=deals 200 in 24ms (compile: 4ms, render: 20ms)
 GET /api/store/products?tag=deals&page=1&limit=12 200 in 19ms (compile: 2ms, render: 17ms)
 GET /contact 404 in 27ms (compile: 5ms, render: 22ms)
 GET /contact 404 in 67ms (compile: 6ms, render: 61ms)
 GET /shop?tag=deals 200 in 134ms (compile: 4ms, render: 130ms)
 GET /api/settings/store 200 in 16ms (compile: 3ms, render: 13ms)
 GET /api/store/colors-modalities 200 in 17ms (compile: 8ms, render: 9ms)
 GET /api/store/brands 200 in 21ms (compile: 4ms, render: 17ms)
 GET /api/auth/session 200 in 48ms (compile: 12ms, render: 36ms)
 GET / 200 in 384ms (compile: 8ms, render: 376ms)
 GET /api/settings/store 200 in 24ms (compile: 5ms, render: 18ms)
 GET /api/store/brands 200 in 47ms (compile: 12ms, render: 35ms)
 GET /api/store/colors-modalities 200 in 36ms (compile: 8ms, render: 28ms)
 GET /api/settings/store 200 in 30ms (compile: 12ms, render: 18ms)
 GET /api/store/products?limit=8 200 in 61ms (compile: 12ms, render: 49ms)
 GET /api/store/brands 200 in 74ms (compile: 35ms, render: 39ms)
 GET /api/store/colors-modalities 200 in 39ms (compile: 13ms, render: 26ms)
 GET /api/auth/session 200 in 93ms (compile: 27ms, render: 66ms)
 GET /api/settings/store 200 in 29ms (compile: 16ms, render: 13ms)
 GET /api/store/brands 200 in 17ms (compile: 5ms, render: 13ms)
 GET /api/settings/store 200 in 18ms (compile: 11ms, render: 6ms)
 GET /api/settings/store 200 in 11ms (compile: 2ms, render: 9ms)
 GET /api/settings/store 200 in 19ms (compile: 3ms, render: 16ms)
 GET /api/auth/session 200 in 60ms (compile: 33ms, render: 27ms)
 GET / 200 in 344ms (compile: 8ms, render: 336ms)
 GET /api/store/brands 200 in 51ms (compile: 4ms, render: 47ms)
 GET /api/store/products?limit=8 200 in 53ms (compile: 13ms, render: 40ms)
 GET /api/settings/store 200 in 28ms (compile: 7ms, render: 21ms)
 GET /api/store/colors-modalities 200 in 30ms (compile: 12ms, render: 18ms)
 GET /api/auth/session 200 in 36ms (compile: 12ms, render: 24ms)
 GET /api/store/brands 200 in 29ms (compile: 5ms, render: 23ms)
 GET /api/settings/store 200 in 35ms (compile: 11ms, render: 25ms)
 GET /api/store/colors-modalities 200 in 36ms (compile: 22ms, render: 14ms)
 GET /api/settings/store 200 in 12ms (compile: 4ms, render: 8ms)
 GET /api/store/brands 200 in 121ms (compile: 3ms, render: 119ms)
 GET /api/settings/store 200 in 28ms (compile: 16ms, render: 12ms)
 GET / 200 in 371ms (compile: 4ms, render: 367ms)
 GET /api/settings/store 200 in 14ms (compile: 3ms, render: 11ms)
 GET /api/settings/store 200 in 18ms (compile: 5ms, render: 13ms)
 GET / 200 in 519ms (compile: 38ms, render: 480ms)
 GET / 200 in 302ms (compile: 6ms, render: 296ms)
 GET /api/store/colors-modalities 200 in 37ms (compile: 4ms, render: 33ms)
 GET /api/settings/store 200 in 39ms (compile: 11ms, render: 28ms)
 GET /api/store/colors-modalities 200 in 27ms (compile: 7ms, render: 20ms)
 GET /api/settings/store 200 in 30ms (compile: 9ms, render: 20ms)
 GET /api/settings/store 200 in 50ms (compile: 9ms, render: 40ms)
 GET /api/store/brands 200 in 101ms (compile: 32ms, render: 68ms)
 GET /api/settings/store 200 in 53ms (compile: 21ms, render: 31ms)
 GET /api/settings/store 200 in 55ms (compile: 31ms, render: 25ms)
 GET /api/store/products?limit=8 200 in 125ms (compile: 17ms, render: 107ms)
 GET /api/store/brands 200 in 39ms (compile: 21ms, render: 18ms)
 GET /api/auth/session 200 in 31ms (compile: 16ms, render: 15ms)
 GET /api/settings/store 200 in 14ms (compile: 5ms, render: 9ms)
 GET /api/store/brands 200 in 14ms (compile: 3ms, render: 11ms)
 GET /products/amber-gold-gold-series-magic-eye 200 in 52ms (compile: 12ms, render: 40ms)
 GET /api/store/products/amber-gold-gold-series-magic-eye 200 in 51ms (compile: 11ms, render: 40ms)
 GET /api/store/products/amber-gold-gold-series-magic-eye 200 in 17ms (compile: 3ms, render: 14ms)
 GET /products/amber-gold-gold-series-magic-eye 200 in 48ms (compile: 12ms, render: 36ms)
 GET /api/store/products/amber-gold-gold-series-magic-eye 200 in 29ms (compile: 11ms, render: 18ms)
 GET /api/store/products/amber-gold-gold-series-magic-eye 200 in 30ms (compile: 5ms, render: 25ms)
 GET /products/amber-gold-gold-series-magic-eye 200 in 145ms (compile: 12ms, render: 133ms)
 GET /api/store/brands 200 in 40ms (compile: 3ms, render: 37ms)
 GET /api/settings/store 200 in 33ms (compile: 3ms, render: 30ms)
 GET /api/store/colors-modalities 200 in 34ms (compile: 17ms, render: 16ms)
 GET /api/store/products/amber-gold-gold-series-magic-eye 200 in 39ms (compile: 10ms, render: 30ms)
 GET /api/auth/session 200 in 45ms (compile: 14ms, render: 31ms)
 GET /api/store/brands 200 in 12ms (compile: 4ms, render: 9ms)
 GET /api/settings/store 200 in 10ms (compile: 2ms, render: 7ms)
 GET /api/settings/store 200 in 13ms (compile: 3ms, render: 10ms)
 GET /api/store/colors-modalities 200 in 18ms (compile: 10ms, render: 8ms)
 GET /api/store/brands 200 in 24ms (compile: 4ms, render: 19ms)
 GET /api/settings/store 200 in 15ms (compile: 4ms, render: 11ms)
 GET /api/settings/store 200 in 10ms (compile: 3ms, render: 7ms)
 GET /products/amber-gold-gold-series-magic-eye 200 in 131ms (compile: 12ms, render: 118ms)
 GET /api/store/brands 200 in 31ms (compile: 4ms, render: 27ms)
 GET /api/settings/store 200 in 22ms (compile: 4ms, render: 17ms)
 GET /api/store/colors-modalities 200 in 27ms (compile: 3ms, render: 24ms)
 GET /api/auth/session 200 in 25ms (compile: 11ms, render: 14ms)
 GET /api/store/products/amber-gold-gold-series-magic-eye 200 in 51ms (compile: 13ms, render: 38ms)
 GET /api/store/colors-modalities 200 in 12ms (compile: 3ms, render: 8ms)
 GET /api/settings/store 200 in 18ms (compile: 5ms, render: 13ms)
 GET /api/store/brands 200 in 20ms (compile: 9ms, render: 11ms)
 GET /api/settings/store 200 in 13ms (compile: 4ms, render: 9ms)
 GET /api/store/brands 200 in 14ms (compile: 5ms, render: 9ms)
 GET /api/settings/store 200 in 14ms (compile: 5ms, render: 9ms)
 GET /api/settings/store 200 in 8ms (compile: 3ms, render: 6ms)
 GET /about 404 in 25ms (compile: 6ms, render: 19ms)
 GET /about 404 in 75ms (compile: 5ms, render: 69ms)
 GET /products/amber-gold-gold-series-magic-eye 200 in 156ms (compile: 12ms, render: 144ms)
 GET /api/store/colors-modalities 200 in 13ms (compile: 3ms, render: 10ms)
 GET /api/settings/store 200 in 19ms (compile: 3ms, render: 17ms)
 GET /api/store/brands 200 in 63ms (compile: 10ms, render: 53ms)
 GET /api/auth/session 200 in 57ms (compile: 13ms, render: 44ms)
 GET /api/store/products/amber-gold-gold-series-magic-eye 200 in 74ms (compile: 31ms, render: 43ms)
 GET /api/settings/store 200 in 10ms (compile: 3ms, render: 7ms)
 GET /api/store/brands 200 in 14ms (compile: 2ms, render: 12ms)
 GET /api/store/colors-modalities 200 in 10ms (compile: 3ms, render: 7ms)
 GET /api/settings/store 200 in 13ms (compile: 3ms, render: 10ms)
 GET /api/store/brands 200 in 11ms (compile: 3ms, render: 8ms)
 GET /api/settings/store 200 in 9ms (compile: 3ms, render: 6ms)
 GET /api/settings/store 200 in 11ms (compile: 5ms, render: 6ms)
 GET / 200 in 226ms (compile: 4ms, render: 223ms)
 GET /api/auth/session 200 in 50ms (compile: 16ms, render: 34ms)
 GET /products/amber-gold-gold-series-magic-eye 200 in 40ms (compile: 13ms, render: 28ms)
 GET /api/store/products/amber-gold-gold-series-magic-eye 200 in 36ms (compile: 14ms, render: 23ms)
 GET /api/store/products/amber-gold-gold-series-magic-eye 200 in 25ms (compile: 4ms, render: 21ms)
 GET / 200 in 108ms (compile: 5ms, render: 104ms)
 GET /api/store/products?limit=8 200 in 36ms (compile: 5ms, render: 31ms)
 GET /api/settings/store 200 in 21ms (compile: 6ms, render: 14ms)
 GET /api/store/products?limit=8 200 in 34ms (compile: 6ms, render: 28ms)
 GET /api/settings/store 200 in 19ms (compile: 6ms, render: 13ms)
 GET / 200 in 225ms (compile: 3ms, render: 222ms)
 GET /api/store/brands 200 in 22ms (compile: 4ms, render: 18ms)
 GET /api/settings/store 200 in 17ms (compile: 4ms, render: 13ms)
 GET /api/store/colors-modalities 200 in 20ms (compile: 6ms, render: 14ms)
 GET /api/store/products?limit=8 200 in 25ms (compile: 8ms, render: 17ms)
 GET /api/auth/session 200 in 47ms (compile: 12ms, render: 34ms)
 GET /api/store/brands 200 in 10ms (compile: 3ms, render: 7ms)
 GET /api/settings/store 200 in 8ms (compile: 2ms, render: 6ms)
 GET /api/store/colors-modalities 200 in 8ms (compile: 2ms, render: 5ms)
 GET /api/store/brands 200 in 10ms (compile: 2ms, render: 7ms)
 GET /api/settings/store 200 in 10ms (compile: 4ms, render: 7ms)
 GET /api/settings/store 200 in 9ms (compile: 2ms, render: 6ms)
 GET /api/settings/store 200 in 8ms (compile: 2ms, render: 6ms)
 GET /api/settings/store 200 in 10ms (compile: 2ms, render: 8ms)
